#
# There is insufficient memory for the Java Runtime Environment to continue.
# Native memory allocation (malloc) failed to allocate 1048576 bytes for AllocateHeap
# Possible reasons:
#   The system is out of physical RAM or swap space
#   In 32 bit mode, the process size limit was hit
# Possible solutions:
#   Reduce memory load on the system
#   Increase physical memory or swap space
#   Check if swap backing store is full
#   Use 64 bit Java on a 64 bit OS
#   Decrease Java heap size (-Xmx/-Xms)
#   Decrease number of Java threads
#   Decrease Java thread stack sizes (-Xss)
#   Set larger code cache with -XX:ReservedCodeCacheSize=
# This output file may be truncated or incomplete.
#
#  Out of Memory Error (memory/allocation.inline.hpp:61), pid=11468, tid=0x0000000000000994
#
# JRE version:  (8.0_144-b01) (build )
# Java VM: Java HotSpot(TM) 64-Bit Server VM (25.144-b01 mixed mode windows-amd64 compressed oops)
# Failed to write core dump. Minidumps are not enabled by default on client versions of Windows
#

---------------  T H R E A D  ---------------

Current thread (0x0000000002a21000):  JavaThread "Unknown thread" [_thread_in_vm, id=2452, stack(0x0000000002920000,0x0000000002a20000)]

Stack: [0x0000000002920000,0x0000000002a20000]
[error occurred during error reporting (printing stack bounds), id 0xc0000005]

Native frames: (J=compiled Java code, j=interpreted, Vv=VM code, C=native code)


---------------  P R O C E S S  ---------------

Java Threads: ( => current thread )

Other Threads:

=>0x0000000002a21000 (exited) JavaThread "Unknown thread" [_thread_in_vm, id=2452, stack(0x0000000002920000,0x0000000002a20000)]

VM state:not at safepoint (normal execution)

VM Mutex/Monitor currently owned by a thread: None

Heap:
 PSYoungGen      total 33280K, used 573K [0x00000000daf00000, 0x00000000dd400000, 0x0000000100000000)
  eden space 28672K, 2% used [0x00000000daf00000,0x00000000daf8f5d0,0x00000000dcb00000)
  from space 4608K, 0% used [0x00000000dcf80000,0x00000000dcf80000,0x00000000dd400000)
  to   space 4608K, 0% used [0x00000000dcb00000,0x00000000dcb00000,0x00000000dcf80000)
 ParOldGen       total 76800K, used 0K [0x0000000090c00000, 0x0000000095700000, 0x00000000daf00000)
  object space 76800K, 0% used [0x0000000090c00000,0x0000000090c00000,0x0000000095700000)
 Metaspace       used 770K, capacity 4480K, committed 4480K, reserved 1056768K
  class space    used 75K, capacity 384K, committed 384K, reserved 1048576K

Card table byte_map: [0x0000000011ee0000,0x0000000012260000] byte_map_base: 0x0000000011a5a000

Marking Bits: (ParMarkBitMap*) 0x000000006813d850
 Begin Bits: [0x00000000128c0000, 0x0000000014490000)
 End Bits:   [0x0000000014490000, 0x0000000016060000)

Polling page: 0x0000000000d00000

CodeCache: size=245760Kb used=327Kb max_used=327Kb free=245432Kb
 bounds [0x0000000002b20000, 0x0000000002d90000, 0x0000000011b20000]
 total_blobs=57 nmethods=0 adapters=38
 compilation: enabled

Compilation events (0 events):
No events

GC Heap History (0 events):
No events

Deoptimization events (0 events):
No events

Internal exceptions (0 events):
No events

Events (10 events):
Event: 0.037 loading class java/lang/Short
Event: 0.037 loading class java/lang/Short done
Event: 0.037 loading class java/lang/Integer
Event: 0.037 loading class java/lang/Integer done
Event: 0.037 loading class java/lang/Long
Event: 0.037 loading class java/lang/Long done
Event: 0.038 loading class java/lang/NullPointerException
Event: 0.038 loading class java/lang/NullPointerException done
Event: 0.038 loading class java/lang/ArithmeticException
Event: 0.038 loading class java/lang/ArithmeticException done


Dynamic libraries:
0x00007ff6665c0000 - 0x00007ff6665f7000 	C:\Program Files\Java\jdk1.8.0_144\bin\java.exe
0x00007ffb2f510000 - 0x00007ffb2f6fd000 	C:\WINDOWS\SYSTEM32\ntdll.dll
0x00007ffb2f420000 - 0x00007ffb2f4d3000 	C:\WINDOWS\System32\KERNEL32.DLL
0x00007ffb2c200000 - 0x00007ffb2c493000 	C:\WINDOWS\System32\KERNELBASE.dll
0x00007ffb2ccc0000 - 0x00007ffb2cd63000 	C:\WINDOWS\System32\ADVAPI32.dll
0x00007ffb2cc20000 - 0x00007ffb2ccbe000 	C:\WINDOWS\System32\msvcrt.dll
0x00007ffb2cd80000 - 0x00007ffb2ce1e000 	C:\WINDOWS\System32\sechost.dll
0x00007ffb2e820000 - 0x00007ffb2e942000 	C:\WINDOWS\System32\RPCRT4.dll
0x00007ffb2f280000 - 0x00007ffb2f417000 	C:\WINDOWS\System32\USER32.dll
0x00007ffb2c720000 - 0x00007ffb2c740000 	C:\WINDOWS\System32\win32u.dll
0x00007ffb2cbc0000 - 0x00007ffb2cbe9000 	C:\WINDOWS\System32\GDI32.dll
0x00007ffb2b690000 - 0x00007ffb2b82a000 	C:\WINDOWS\System32\gdi32full.dll
0x00007ffb2ba10000 - 0x00007ffb2bab0000 	C:\WINDOWS\System32\msvcp_win.dll
0x00007ffb2c550000 - 0x00007ffb2c64a000 	C:\WINDOWS\System32\ucrtbase.dll
0x00007ffb1d8f0000 - 0x00007ffb1db69000 	C:\WINDOWS\WinSxS\amd64_microsoft.windows.common-controls_6595b64144ccf1df_6.0.17763.503_none_05b23ef40721f4ae\COMCTL32.dll
0x00007ffb2e470000 - 0x00007ffb2e79c000 	C:\WINDOWS\System32\combase.dll
0x00007ffb2c650000 - 0x00007ffb2c6ce000 	C:\WINDOWS\System32\bcryptPrimitives.dll
0x00007ffb2cbf0000 - 0x00007ffb2cc1e000 	C:\WINDOWS\System32\IMM32.DLL
0x00000000688a0000 - 0x0000000068972000 	C:\Program Files\Java\jdk1.8.0_144\jre\bin\msvcr100.dll
0x0000000067920000 - 0x00000000681bd000 	C:\Program Files\Java\jdk1.8.0_144\jre\bin\server\jvm.dll
0x00007ffb2cbb0000 - 0x00007ffb2cbb8000 	C:\WINDOWS\System32\PSAPI.DLL
0x00007ffb23fa0000 - 0x00007ffb23fa9000 	C:\WINDOWS\SYSTEM32\WSOCK32.dll
0x00007ffb2edd0000 - 0x00007ffb2ee3d000 	C:\WINDOWS\System32\WS2_32.dll
0x00007ffb27c10000 - 0x00007ffb27c1a000 	C:\WINDOWS\SYSTEM32\VERSION.dll
0x00007ffb235d0000 - 0x00007ffb235f4000 	C:\WINDOWS\SYSTEM32\WINMM.dll
0x00007ffb235a0000 - 0x00007ffb235cd000 	C:\WINDOWS\SYSTEM32\WINMMBASE.dll
0x00007ffb2c6d0000 - 0x00007ffb2c71a000 	C:\WINDOWS\System32\cfgmgr32.dll
0x0000000069e50000 - 0x0000000069e5f000 	C:\Program Files\Java\jdk1.8.0_144\jre\bin\verify.dll
0x0000000069e20000 - 0x0000000069e49000 	C:\Program Files\Java\jdk1.8.0_144\jre\bin\java.dll
0x0000000069be0000 - 0x0000000069bf6000 	C:\Program Files\Java\jdk1.8.0_144\jre\bin\zip.dll

VM Arguments:
jvm_args: -Dfile.encoding=UTF-8 
java_command: kasir_rm.Login
java_class_path (initial): E:\Program Kuliah\NetBeans 8.2\ide\modules\ext\mysql-connector-java-5.1.23-bin.jar;C:\Users\Anonymous\Documents\NetBeansProjects\Kasir_RM\build\classes
Launcher Type: SUN_STANDARD

Environment Variables:
PATH=C:\ProgramData\Oracle\Java\javapath;C:\WINDOWS\system32;C:\WINDOWS;C:\WINDOWS\System32\Wbem;C:\WINDOWS\System32\WindowsPowerShell\v1.0\;C:\Program Files\Microsoft\Web Platform Installer\;C:\Program Files (x86)\Microsoft ASP.NET\ASP.NET Web Pages\v1.0\;C:\Program Files\Microsoft SQL Server\110\Tools\Binn\;C:\MinGW\bin;C:\WINDOWS\System32\OpenSSH\;C:\Program Files\Java\jdk1.8.0_144\bin;C:\cygwin\bin;E:\Program Kuliah\MariaDB Server\bin;C:\WINDOWS\system32\config\systemprofile\.dnx\bin;C:\Program Files\Microsoft DNX\Dnvm\;C:\Program Files (x86)\Windows Kits\8.1\Windows Performance Toolkit\;C:\Program Files\Microsoft SQL Server\120\Tools\Binn\;C:\Program Files\Microsoft SQL Server\130\Tools\Binn\;C:\Users\Anonymous\AppData\Local\Microsoft\WindowsApps;
USERNAME=Anonymous
OS=Windows_NT
PROCESSOR_IDENTIFIER=AMD64 Family 21 Model 101 Stepping 1, AuthenticAMD



---------------  S Y S T E M  ---------------

OS: Windows 10.0 , 64 bit Build 17763 (10.0.17763.475)

CPU:total 4 (initial active 4) (4 cores per cpu, 1 threads per core) family 21 model 101 stepping 1, cmov, cx8, fxsr, mmx, sse, sse2, sse3, ssse3, sse4.1, sse4.2, popcnt, avx, avx2, aes, clmul, mmxext, 3dnowpref, lzcnt, sse4a, tsc, tscinvbit, tscinv, bmi1

Memory: 4k page, physical 7288152k(2970304k free), swap 19903380k(5860k free)

vm_info: Java HotSpot(TM) 64-Bit Server VM (25.144-b01) for windows-amd64 JRE (1.8.0_144-b01), built on Jul 21 2017 21:57:33 by "java_re" with MS VC++ 10.0 (VS2010)

time: Tue May 28 18:40:54 2019
elapsed time: 0 seconds (0d 0h 0m 0s)

